"printing-load-rfile"
"Time Step" "printing-load etc.."
("Time Step" "printing-load" "flow-time")
1 0.00829044814542871 2.5e-05
2 0.008179018858549986 5e-05
3 0.01052050278694889 0.00105
4 0.01317150757514587 0.00205
5 0.01526121671836513 0.00305
6 0.01765948109693093 0.00405
7 0.01930809526794123 0.00505
8 0.02089046350225987 0.00605
9 0.02220305119741906 0.00705
10 0.02403691100027098 0.00805
11 0.02520908279043416 0.009049999999999999
12 0.02661657359617131 0.01005
13 0.02757551366419923 0.01105
14 0.0287713055765954 0.01205
15 0.02997228369528772 0.01305
16 0.03054716772781014 0.01405
17 0.03162800144908514 0.01505
18 0.03236988261370361 0.01605000000000001
19 0.03323861958411677 0.01705000000000001
20 0.03392856682368548 0.01805000000000001
21 0.03476149914080542 0.01905000000000001
22 0.03553114941427496 0.02005000000000001
23 0.03633225878859982 0.02105000000000001
24 0.0372246655345447 0.02205000000000001
25 0.03650335622490054 0.02305000000000001
26 0.03811208167500128 0.02405000000000001
27 0.03919888482919067 0.02505000000000001
28 0.0399396449905864 0.02605000000000001
29 0.04090427250846466 0.02705000000000002
30 0.0397748001701664 0.02805000000000002
31 0.03984944425016147 0.02905000000000002
32 0.04012336839228961 0.03005000000000002
33 0.03995672671853669 0.03105000000000002
34 0.04019412447939549 0.03205000000000002
35 0.04066276453584787 0.03305000000000002
36 0.04050381683827517 0.03405000000000002
37 0.04032267365096526 0.03505000000000002
38 0.04097352055589482 0.03605000000000002
39 0.04070142641236096 0.03705000000000002
40 0.04152907078139032 0.03805000000000002
41 0.04094268903865642 0.03905000000000002
42 0.04085133397382542 0.04005000000000002
43 0.04069125309675854 0.04105000000000002
44 0.04002706897378142 0.04205000000000002
45 0.04072442322318161 0.04305000000000003
46 0.04019513041014425 0.04405000000000003
47 0.04011017040064096 0.04505000000000003
48 0.0392774170860198 0.04605000000000003
49 0.03915323060838757 0.04705000000000003
50 0.03859387296297508 0.04805000000000003
51 0.03849935046070632 0.04905000000000003
52 0.03791379413043983 0.05005000000000003
53 0.0357162659975725 0.05105000000000003
54 0.0361921833331271 0.05205000000000003
55 0.03667609175523213 0.05305000000000003
56 0.03536769446935296 0.05405000000000004
57 0.03529283762435424 0.05505000000000004
58 0.03465240122951212 0.05605000000000004
59 0.03429890926509253 0.05705000000000004
60 0.03390723253140105 0.05805000000000004
61 0.03285666874935276 0.05905000000000004
62 0.03281781497480549 0.06005000000000004
63 0.03252668367195433 0.06105000000000004
64 0.03192288561388988 0.06205000000000004
65 0.03141229084066331 0.06305000000000004
66 0.03046005317784977 0.06405000000000004
67 0.03073170764938959 0.06505000000000004
68 0.03003494594355039 0.06605000000000004
69 0.02911343248310609 0.06705000000000004
70 0.02906979910241457 0.06805000000000004
71 0.02867257079017442 0.06905000000000004
72 0.02854226434609895 0.07005000000000004
73 0.02784065174615869 0.07105000000000004
74 0.02830928649922285 0.07205000000000004
75 0.02770001049984587 0.07305000000000005
76 0.02739622406148418 0.07405000000000005
77 0.02667239368305956 0.07505000000000005
78 0.02668029245718489 0.07605000000000005
79 0.02650723657799843 0.07705000000000005
80 0.02621274107763697 0.07805000000000005
81 0.02546315074281908 0.07905000000000005
82 0.02546967802580896 0.08005000000000005
83 0.02557138783787076 0.08105000000000005
84 0.02541733028814231 0.08205000000000005
85 0.02476576146157015 0.08305000000000005
86 0.02491142822308118 0.08405000000000006
87 0.02434383741782045 0.08505000000000006
88 0.02423611501506859 0.08605000000000006
89 0.02363660474055699 0.08705000000000006
90 0.02399208572138034 0.08805000000000006
91 0.02392008823637571 0.08905000000000006
92 0.02419386725409916 0.09005000000000006
93 0.02375926235939111 0.09105000000000006
94 0.02332894322439613 0.09205000000000006
95 0.02367145883752256 0.09305000000000006
96 0.02339107820619891 0.09405000000000006
97 0.02320668447274269 0.09505000000000006
98 0.02293904920854841 0.09605000000000007
99 0.02273989309647573 0.09705000000000007
100 0.02332429279890399 0.09805000000000007
101 0.02279578282049963 0.09905000000000007
102 0.02285259466965739 0.1000500000000001
103 0.02309011908710689 0.1010500000000001
104 0.02259976648793811 0.1020500000000001
105 0.0229439160431601 0.1030500000000001
106 0.02267209861402435 0.1040500000000001
107 0.02235528428993097 0.1050500000000001
108 0.02219717600276752 0.1060500000000001
109 0.02276151107954641 0.1070500000000001
110 0.02203483325359621 0.1080500000000001
111 0.02209048374773637 0.1090500000000001
112 0.0220699432035417 0.1100500000000001
113 0.02177333797716602 0.1110500000000001
114 0.02242104195662411 0.1120500000000001
115 0.02217733448990922 0.1130500000000001
116 0.02199499559932937 0.1140500000000001
117 0.02183588584310604 0.1150500000000001
118 0.02094715539091185 0.1160500000000001
119 0.02178774869708995 0.1170500000000001
120 0.02193079464674754 0.1180500000000001
121 0.02178146578676802 0.1190500000000001
122 0.02134012200473681 0.1200500000000001
123 0.02176748399798267 0.1210500000000001
124 0.02172281006554651 0.1220500000000001
125 0.02171209138868133 0.1230500000000001
126 0.02123106605146053 0.1240500000000001
127 0.02162326099188441 0.1250500000000001
128 0.02164902182352875 0.1260500000000001
129 0.02173573992405498 0.1270500000000001
130 0.02159576088750684 0.1280500000000001
131 0.02126516129384004 0.1290500000000001
132 0.02204786440748057 0.1300500000000001
133 0.0218595729323572 0.1310500000000001
134 0.02074777405481857 0.1320500000000001
135 0.02147998618414047 0.1330500000000001
136 0.02137160908581982 0.1340500000000001
137 0.02111061901563174 0.1350500000000001
138 0.02176174941979662 0.1360500000000001
139 0.02166959504087856 0.1370500000000001
140 0.02191778123765857 0.1380500000000001
141 0.0217043898436332 0.1390500000000001
142 0.0216816314926262 0.1400500000000001
143 0.02143216783289265 0.1410500000000001
144 0.02174898891797637 0.1420500000000001
145 0.02162909818407033 0.1430500000000001
146 0.02185089843882446 0.1440500000000001
147 0.02133042568557028 0.1450500000000001
148 0.02193659434683432 0.1460500000000001
149 0.02149176694177926 0.1470500000000001
150 0.02122757679687811 0.1480500000000001
151 0.0215476373206862 0.1490500000000001
152 0.02175538434904672 0.1500500000000001
153 0.02167103430758338 0.1510500000000001
154 0.02159410988975633 0.1520500000000001
155 0.02149777461684231 0.1530500000000001
156 0.02169457976358393 0.1540500000000001
157 0.02143876373655194 0.1550500000000001
158 0.02143352572390978 0.1560500000000001
159 0.02178606830695073 0.1570500000000001
160 0.02160666855385207 0.1580500000000001
161 0.02165401546500104 0.1590500000000001
162 0.02174576502789456 0.1600500000000001
163 0.0218117773582747 0.1610500000000001
164 0.02156592332653128 0.1620500000000001
165 0.02185627639586433 0.1630500000000001
166 0.02122839218073132 0.1640500000000001
167 0.02152335482695191 0.1650500000000001
168 0.02152007569759624 0.1660500000000001
169 0.02202299275436598 0.1670500000000001
170 0.02142323709026656 0.1680500000000001
171 0.02163499404322894 0.1690500000000001
172 0.02203828610958579 0.1700500000000001
173 0.0219287971225434 0.1710500000000001
174 0.021932102501439 0.1720500000000001
175 0.02166374603971616 0.1730500000000001
176 0.02180665304114114 0.1740500000000001
177 0.02141343544423456 0.1750500000000001
178 0.02132197774822168 0.1760500000000001
179 0.02205720051937718 0.1770500000000001
180 0.02143369330183507 0.1780500000000001
